0 info it worked if it ends with ok
1 verbose cli [ 'C:\\Program Files\\nodejs\\node.exe',
1 verbose cli   'C:\\Program Files\\nodejs\\node_modules\\npm\\bin\\npm-cli.js',
1 verbose cli   'run',
1 verbose cli   'dev' ]
2 info using npm@3.10.10
3 info using node@v6.11.3
4 verbose run-script [ 'predev', 'dev', 'postdev' ]
5 info lifecycle verkefni6@0.6.0~predev: verkefni6@0.6.0
6 silly lifecycle verkefni6@0.6.0~predev: no script for predev, continuing
7 info lifecycle verkefni6@0.6.0~dev: verkefni6@0.6.0
8 verbose lifecycle verkefni6@0.6.0~dev: unsafe-perm in lifecycle true
9 verbose lifecycle verkefni6@0.6.0~dev: PATH: C:\Program Files\nodejs\node_modules\npm\bin\node-gyp-bin;C:\Users\Vilhe\Documents\hi\3 - haust 2017\Vefforitun\hopverkefni 1\vefforitun-2017---hopverk-1\gogn\node_modules\.bin;C:\ProgramData\Oracle\Java\javapath;C:\Windows\system32;C:\Windows;C:\Windows\System32\Wbem;C:\Windows\System32\WindowsPowerShell\v1.0\;C:\Program Files (x86)\Skype\Phone\;C:\Program Files (x86)\NVIDIA Corporation\PhysX\Common;C:\CamlLight\bin;C:\Program Files\nodejs\;C:\Program Files\Git\cmd;C:\Program Files\Java\jdk1.8.0_144\bin;C:\Users\Vilhe\AppData\Local\Microsoft\WindowsApps;C:\Users\Vilhe\AppData\Local\atom\bin;C:\Users\Vilhe\AppData\Roaming\npm
10 verbose lifecycle verkefni6@0.6.0~dev: CWD: C:\Users\Vilhe\Documents\hi\3 - haust 2017\Vefforitun\hopverkefni 1\vefforitun-2017---hopverk-1\gogn
11 silly lifecycle verkefni6@0.6.0~dev: Args: [ '/d /s /c', 'npm-run-all --parallel sass browser-sync' ]
12 silly lifecycle verkefni6@0.6.0~dev: Returned: code: 1  signal: null
13 info lifecycle verkefni6@0.6.0~dev: Failed to exec dev script
14 verbose stack Error: verkefni6@0.6.0 dev: `npm-run-all --parallel sass browser-sync`
14 verbose stack Exit status 1
14 verbose stack     at EventEmitter.<anonymous> (C:\Program Files\nodejs\node_modules\npm\lib\utils\lifecycle.js:255:16)
14 verbose stack     at emitTwo (events.js:106:13)
14 verbose stack     at EventEmitter.emit (events.js:191:7)
14 verbose stack     at ChildProcess.<anonymous> (C:\Program Files\nodejs\node_modules\npm\lib\utils\spawn.js:40:14)
14 verbose stack     at emitTwo (events.js:106:13)
14 verbose stack     at ChildProcess.emit (events.js:191:7)
14 verbose stack     at maybeClose (internal/child_process.js:920:16)
14 verbose stack     at Process.ChildProcess._handle.onexit (internal/child_process.js:230:5)
15 verbose pkgid verkefni6@0.6.0
16 verbose cwd C:\Users\Vilhe\Documents\hi\3 - haust 2017\Vefforitun\hopverkefni 1\vefforitun-2017---hopverk-1\gogn
17 error Windows_NT 10.0.15063
18 error argv "C:\\Program Files\\nodejs\\node.exe" "C:\\Program Files\\nodejs\\node_modules\\npm\\bin\\npm-cli.js" "run" "dev"
19 error node v6.11.3
20 error npm  v3.10.10
21 error code ELIFECYCLE
22 error verkefni6@0.6.0 dev: `npm-run-all --parallel sass browser-sync`
22 error Exit status 1
23 error Failed at the verkefni6@0.6.0 dev script 'npm-run-all --parallel sass browser-sync'.
23 error Make sure you have the latest version of node.js and npm installed.
23 error If you do, this is most likely a problem with the verkefni6 package,
23 error not with npm itself.
23 error Tell the author that this fails on your system:
23 error     npm-run-all --parallel sass browser-sync
23 error You can get information on how to open an issue for this project with:
23 error     npm bugs verkefni6
23 error Or if that isn't available, you can get their info via:
23 error     npm owner ls verkefni6
23 error There is likely additional logging output above.
24 verbose exit [ 1, true ]
